<?xml version="1.0" encoding="UTF-8"?>
<!-- Generated by org.testng.reporters.JUnitReportReporter -->
<testsuite skipped="0" hostname="DESKTOP-LJ1R03G" name="MavenPkg.MavenProject.MavenDemo" tests="1" failures="0" timestamp="24 Nov 2018 06:25:44 GMT" time="7.886" errors="0">
  <testcase name="Loginwithvaliduser" time="7.886" classname="MavenPkg.MavenProject.MavenDemo"/>
</testsuite> <!-- MavenPkg.MavenProject.MavenDemo -->
